

*******************************************************************************
Tue Jun 25 12:36:18 2024


FIT:    data read from "Outtimes.txt"
        format = z
        #datapoints = 21
        residuals are weighted equally (unit weight)

function used for fitting: f(x)
	f(x)= b+(x/a)**(c)
fitted parameters initialized with current variable values

iter      chisq       delta/lim  lambda   a             b            
   0 6.3928092093e+16   0.00e+00  1.17e+08    1.000000e+00   1.000000e+00
  26 1.1425965872e-02  -3.13e-05  1.17e-18    4.665608e+02   1.046530e-01

After 26 iterations the fit converged.
final sum of squares of residuals : 0.011426
rel. change during last iteration : -3.12583e-10

degrees of freedom    (FIT_NDF)                        : 19
rms of residuals      (FIT_STDFIT) = sqrt(WSSR/ndf)    : 0.0245228
variance of residuals (reduced chisquare) = WSSR/ndf   : 0.000601367

Final set of parameters            Asymptotic Standard Error
=======================            ==========================
a               = 466.561          +/- 2.241        (0.4803%)
b               = 0.104653         +/- 0.007813     (7.465%)

correlation matrix of the fit parameters:
                a      b      
a               1.000 
b               0.729  1.000 


*******************************************************************************
Tue Jun 25 12:37:44 2024


FIT:    data read from "Outtimes.txt"
        format = z
        #datapoints = 21
        residuals are weighted equally (unit weight)

function used for fitting: f(x)
	f(x)= b+(x/a)**(c)
fitted parameters initialized with current variable values

iter      chisq       delta/lim  lambda   a             b            
   0 6.3928092093e+16   0.00e+00  1.17e+08    1.000000e+00   1.000000e+00
  26 1.1425965872e-02  -3.13e-05  1.17e-18    4.665608e+02   1.046530e-01

After 26 iterations the fit converged.
final sum of squares of residuals : 0.011426
rel. change during last iteration : -3.12583e-10

degrees of freedom    (FIT_NDF)                        : 19
rms of residuals      (FIT_STDFIT) = sqrt(WSSR/ndf)    : 0.0245228
variance of residuals (reduced chisquare) = WSSR/ndf   : 0.000601367

Final set of parameters            Asymptotic Standard Error
=======================            ==========================
a               = 466.561          +/- 2.241        (0.4803%)
b               = 0.104653         +/- 0.007813     (7.465%)

correlation matrix of the fit parameters:
                a      b      
a               1.000 
b               0.729  1.000 


*******************************************************************************
Tue Jun 25 12:39:06 2024


FIT:    data read from "Outtimes.txt"
        format = z
        #datapoints = 21
        residuals are weighted equally (unit weight)

function used for fitting: f(x)
	f(x)= b+(x/a)**(c)
fitted parameters initialized with current variable values

iter      chisq       delta/lim  lambda   a             b            
   0 6.3928092093e+16   0.00e+00  1.17e+08    1.000000e+00   1.000000e+00
  26 1.1425965872e-02  -3.13e-05  1.17e-18    4.665608e+02   1.046530e-01

After 26 iterations the fit converged.
final sum of squares of residuals : 0.011426
rel. change during last iteration : -3.12583e-10

degrees of freedom    (FIT_NDF)                        : 19
rms of residuals      (FIT_STDFIT) = sqrt(WSSR/ndf)    : 0.0245228
variance of residuals (reduced chisquare) = WSSR/ndf   : 0.000601367

Final set of parameters            Asymptotic Standard Error
=======================            ==========================
a               = 466.561          +/- 2.241        (0.4803%)
b               = 0.104653         +/- 0.007813     (7.465%)

correlation matrix of the fit parameters:
                a      b      
a               1.000 
b               0.729  1.000 


*******************************************************************************
Tue Jun 25 12:39:22 2024


FIT:    data read from "Outtimes.txt"
        format = z
        #datapoints = 21
        residuals are weighted equally (unit weight)

function used for fitting: f(x)
	f(x)= b+(x/a)**(c)
fitted parameters initialized with current variable values

iter      chisq       delta/lim  lambda   a             b            
   0 6.3928092093e+16   0.00e+00  1.17e+08    1.000000e+00   1.000000e+00
  26 1.1425965872e-02  -3.13e-05  1.17e-18    4.665608e+02   1.046530e-01

After 26 iterations the fit converged.
final sum of squares of residuals : 0.011426
rel. change during last iteration : -3.12583e-10

degrees of freedom    (FIT_NDF)                        : 19
rms of residuals      (FIT_STDFIT) = sqrt(WSSR/ndf)    : 0.0245228
variance of residuals (reduced chisquare) = WSSR/ndf   : 0.000601367

Final set of parameters            Asymptotic Standard Error
=======================            ==========================
a               = 466.561          +/- 2.241        (0.4803%)
b               = 0.104653         +/- 0.007813     (7.465%)

correlation matrix of the fit parameters:
                a      b      
a               1.000 
b               0.729  1.000 


*******************************************************************************
Tue Jun 25 12:39:41 2024


FIT:    data read from "Outtimes.txt"
        format = z
        #datapoints = 21
        residuals are weighted equally (unit weight)

function used for fitting: f(x)
	f(x)= b+(x/a)**(c)
fitted parameters initialized with current variable values

iter      chisq       delta/lim  lambda   a             b            
   0 6.3928092093e+16   0.00e+00  1.17e+08    1.000000e+00   1.000000e+00
  26 1.1425965872e-02  -3.13e-05  1.17e-18    4.665608e+02   1.046530e-01

After 26 iterations the fit converged.
final sum of squares of residuals : 0.011426
rel. change during last iteration : -3.12583e-10

degrees of freedom    (FIT_NDF)                        : 19
rms of residuals      (FIT_STDFIT) = sqrt(WSSR/ndf)    : 0.0245228
variance of residuals (reduced chisquare) = WSSR/ndf   : 0.000601367

Final set of parameters            Asymptotic Standard Error
=======================            ==========================
a               = 466.561          +/- 2.241        (0.4803%)
b               = 0.104653         +/- 0.007813     (7.465%)

correlation matrix of the fit parameters:
                a      b      
a               1.000 
b               0.729  1.000 


*******************************************************************************
Tue Jun 25 12:41:09 2024


FIT:    data read from "Outtimes.txt"
        format = z
        #datapoints = 36
        residuals are weighted equally (unit weight)

function used for fitting: f(x)
	f(x)= b+(x/a)**(c)
fitted parameters initialized with current variable values

iter      chisq       delta/lim  lambda   a             b            
   0 1.6323135004e+18   0.00e+00  4.51e+08    1.000000e+00   1.000000e+00
  26 2.0930997050e-01  -1.11e-04  4.51e-18    4.915364e+02   1.475474e-01

After 26 iterations the fit converged.
final sum of squares of residuals : 0.20931
rel. change during last iteration : -1.11139e-09

degrees of freedom    (FIT_NDF)                        : 34
rms of residuals      (FIT_STDFIT) = sqrt(WSSR/ndf)    : 0.0784613
variance of residuals (reduced chisquare) = WSSR/ndf   : 0.00615618

Final set of parameters            Asymptotic Standard Error
=======================            ==========================
a               = 491.536          +/- 1.68         (0.3419%)
b               = 0.147547         +/- 0.01835      (12.44%)

correlation matrix of the fit parameters:
                a      b      
a               1.000 
b               0.702  1.000 
