

*******************************************************************************
Mon Jun 24 23:41:54 2024


FIT:    data read from "Out.txt" index 1 using 1:2
        format = x:z
        #datapoints = 10
        residuals are weighted equally (unit weight)

function used for fitting: f(x)
	f(n)= a*cos(n)
fitted parameters initialized with current variable values

iter      chisq       delta/lim  lambda   a            
   0 8.9132037826e-31   0.00e+00  7.28e-01    1.000000e+00
   1 8.9132037826e-31   0.00e+00  7.28e-02    1.000000e+00

After 1 iterations the fit converged.
final sum of squares of residuals : 8.9132e-31
abs. change during last iteration : 0


Hmmmm.... Sum of squared residuals is zero. Can't compute errors.

Final set of parameters 
======================= 

a               = 1              


*******************************************************************************
Mon Jun 24 23:49:53 2024


FIT:    data read from "Out.txt" index 2 using 1:2
        format = x:z
        #datapoints = 10
        residuals are weighted equally (unit weight)

function used for fitting: f(x)
	f(n)= a*cos(n)
fitted parameters initialized with current variable values

iter      chisq       delta/lim  lambda   a            
   0 8.9132037826e-31   0.00e+00  7.28e-01    1.000000e+00
   1 8.9132037826e-31   0.00e+00  7.28e-02    1.000000e+00

After 1 iterations the fit converged.
final sum of squares of residuals : 8.9132e-31
abs. change during last iteration : 0


Hmmmm.... Sum of squared residuals is zero. Can't compute errors.

Final set of parameters 
======================= 

a               = 1              


*******************************************************************************
Mon Jun 24 23:52:11 2024


FIT:    data read from "Out.txt" index 2 using 1:2
        format = x:z
        #datapoints = 10
        residuals are weighted equally (unit weight)

function used for fitting: f(x)
	f(n)= a*cos(n)
fitted parameters initialized with current variable values

iter      chisq       delta/lim  lambda   a            
   0 8.9132037826e-31   0.00e+00  7.28e-01    1.000000e+00
   1 8.9132037826e-31   0.00e+00  7.28e-02    1.000000e+00

After 1 iterations the fit converged.
final sum of squares of residuals : 8.9132e-31
abs. change during last iteration : 0


Hmmmm.... Sum of squared residuals is zero. Can't compute errors.

Final set of parameters 
======================= 

a               = 1              


*******************************************************************************
Mon Jun 24 23:54:54 2024


FIT:    data read from "Out.txt" index 1 using 1:2
        format = x:z
        #datapoints = 99
        residuals are weighted equally (unit weight)

function used for fitting: f(x)
	f(n)= a*cos(n)
fitted parameters initialized with current variable values

iter      chisq       delta/lim  lambda   a            
   0 1.5817502269e+00   0.00e+00  6.89e-01    1.000000e+00
   2 1.5010093120e+00  -5.38e-01  6.89e-03    9.585546e-01

After 2 iterations the fit converged.
final sum of squares of residuals : 1.50101
rel. change during last iteration : -5.37911e-06

degrees of freedom    (FIT_NDF)                        : 98
rms of residuals      (FIT_STDFIT) = sqrt(WSSR/ndf)    : 0.12376
variance of residuals (reduced chisquare) = WSSR/ndf   : 0.0153164

Final set of parameters            Asymptotic Standard Error
=======================            ==========================
a               = 0.958555         +/- 0.01805      (1.883%)


*******************************************************************************
Mon Jun 24 23:55:20 2024


FIT:    data read from "Out.txt" index 1 using 1:2
        format = x:z
        #datapoints = 99
        residuals are weighted equally (unit weight)

function used for fitting: f(x)
	f(n)= a*cos(n)
fitted parameters initialized with current variable values

iter      chisq       delta/lim  lambda   a            
   0 1.5817502269e+00   0.00e+00  6.89e-01    1.000000e+00
   2 1.5010093120e+00  -5.38e-01  6.89e-03    9.585546e-01

After 2 iterations the fit converged.
final sum of squares of residuals : 1.50101
rel. change during last iteration : -5.37911e-06

degrees of freedom    (FIT_NDF)                        : 98
rms of residuals      (FIT_STDFIT) = sqrt(WSSR/ndf)    : 0.12376
variance of residuals (reduced chisquare) = WSSR/ndf   : 0.0153164

Final set of parameters            Asymptotic Standard Error
=======================            ==========================
a               = 0.958555         +/- 0.01805      (1.883%)


*******************************************************************************
Mon Jun 24 23:56:20 2024


FIT:    data read from "Out.txt" index 1 using 1:2
        format = x:z
        #datapoints = 10
        residuals are weighted equally (unit weight)

function used for fitting: f(x)
	f(n)= a*cos(n)
fitted parameters initialized with current variable values

iter      chisq       delta/lim  lambda   a            
   0 8.9132037826e-31   0.00e+00  7.28e-01    1.000000e+00
   1 8.9132037826e-31   0.00e+00  7.28e-02    1.000000e+00

After 1 iterations the fit converged.
final sum of squares of residuals : 8.9132e-31
abs. change during last iteration : 0


Hmmmm.... Sum of squared residuals is zero. Can't compute errors.

Final set of parameters 
======================= 

a               = 1              


*******************************************************************************
Mon Jun 24 23:57:06 2024


FIT:    data read from "Out.txt" index 1 using 1:2
        format = x:z
        #datapoints = 10
        residuals are weighted equally (unit weight)

function used for fitting: f(x)
	f(n)= a*cos(n)
fitted parameters initialized with current variable values

iter      chisq       delta/lim  lambda   a            
   0 8.9132037826e-31   0.00e+00  7.28e-01    1.000000e+00
   1 8.9132037826e-31   0.00e+00  7.28e-02    1.000000e+00

After 1 iterations the fit converged.
final sum of squares of residuals : 8.9132e-31
abs. change during last iteration : 0


Hmmmm.... Sum of squared residuals is zero. Can't compute errors.

Final set of parameters 
======================= 

a               = 1              


*******************************************************************************
Mon Jun 24 23:59:47 2024


FIT:    data read from "Out.txt" index 1 using 1:2
        format = x:z
        #datapoints = 10
        residuals are weighted equally (unit weight)

function used for fitting: f(x)
	f(n)= a*cos(n)
fitted parameters initialized with current variable values

iter      chisq       delta/lim  lambda   a            
   0 8.9132037826e-31   0.00e+00  7.28e-01    1.000000e+00
   1 8.9132037826e-31   0.00e+00  7.28e-02    1.000000e+00

After 1 iterations the fit converged.
final sum of squares of residuals : 8.9132e-31
abs. change during last iteration : 0


Hmmmm.... Sum of squared residuals is zero. Can't compute errors.

Final set of parameters 
======================= 

a               = 1              


*******************************************************************************
Tue Jun 25 00:56:56 2024


FIT:    data read from "Out.txt" index 1 using 1:2
        format = x:z
        #datapoints = 10
        residuals are weighted equally (unit weight)

function used for fitting: f(x)
	f(n)= a*cos(n)
fitted parameters initialized with current variable values

iter      chisq       delta/lim  lambda   a            
   0 8.9132037826e-31   0.00e+00  7.28e-01    1.000000e+00
   1 8.9132037826e-31   0.00e+00  7.28e-02    1.000000e+00

After 1 iterations the fit converged.
final sum of squares of residuals : 8.9132e-31
abs. change during last iteration : 0


Hmmmm.... Sum of squared residuals is zero. Can't compute errors.

Final set of parameters 
======================= 

a               = 1              


*******************************************************************************
Tue Jun 25 00:57:39 2024


FIT:    data read from "Out.txt" index 1 using 1:2
        format = x:z
        #datapoints = 10
        residuals are weighted equally (unit weight)

function used for fitting: f(x)
	f(n)= a*cos(n)
fitted parameters initialized with current variable values

iter      chisq       delta/lim  lambda   a            
   0 8.9132037826e-31   0.00e+00  7.28e-01    1.000000e+00
   1 8.9132037826e-31   0.00e+00  7.28e-02    1.000000e+00

After 1 iterations the fit converged.
final sum of squares of residuals : 8.9132e-31
abs. change during last iteration : 0


Hmmmm.... Sum of squared residuals is zero. Can't compute errors.

Final set of parameters 
======================= 

a               = 1              


*******************************************************************************
Tue Jun 25 00:58:00 2024


FIT:    data read from "Out.txt" index 1 using 1:2
        format = x:z
        #datapoints = 10
        residuals are weighted equally (unit weight)

function used for fitting: f(x)
	f(n)= a*cos(n)
fitted parameters initialized with current variable values

iter      chisq       delta/lim  lambda   a            
   0 8.9132037826e-31   0.00e+00  7.28e-01    1.000000e+00
   1 8.9132037826e-31   0.00e+00  7.28e-02    1.000000e+00

After 1 iterations the fit converged.
final sum of squares of residuals : 8.9132e-31
abs. change during last iteration : 0


Hmmmm.... Sum of squared residuals is zero. Can't compute errors.

Final set of parameters 
======================= 

a               = 1              


*******************************************************************************
Tue Jun 25 01:03:07 2024


FIT:    data read from "Out.txt" index 1 using 1:2
        format = x:z
        #datapoints = 10
        residuals are weighted equally (unit weight)

function used for fitting: f(x)
	f(n)= a*cos(n)
fitted parameters initialized with current variable values

iter      chisq       delta/lim  lambda   a            
   0 8.9132037826e-31   0.00e+00  7.28e-01    1.000000e+00
   1 8.9132037826e-31   0.00e+00  7.28e-02    1.000000e+00

After 1 iterations the fit converged.
final sum of squares of residuals : 8.9132e-31
abs. change during last iteration : 0


Hmmmm.... Sum of squared residuals is zero. Can't compute errors.

Final set of parameters 
======================= 

a               = 1              


*******************************************************************************
Tue Jun 25 01:04:03 2024


FIT:    data read from "Out.txt" index 1 using 1:2
        format = x:z
        #datapoints = 10
        residuals are weighted equally (unit weight)

function used for fitting: f(x)
	f(n)= a*cos(n)
fitted parameters initialized with current variable values

iter      chisq       delta/lim  lambda   a            
   0 8.9132037826e-31   0.00e+00  7.28e-01    1.000000e+00
   1 8.9132037826e-31   0.00e+00  7.28e-02    1.000000e+00

After 1 iterations the fit converged.
final sum of squares of residuals : 8.9132e-31
abs. change during last iteration : 0


Hmmmm.... Sum of squared residuals is zero. Can't compute errors.

Final set of parameters 
======================= 

a               = 1              


*******************************************************************************
Tue Jun 25 01:06:03 2024


FIT:    data read from "Out.txt" index 1 using 1:2
        format = x:z
        #datapoints = 10
        residuals are weighted equally (unit weight)

function used for fitting: f(x)
	f(n)= a*cos(n)
fitted parameters initialized with current variable values

iter      chisq       delta/lim  lambda   a            
   0 8.9132037826e-31   0.00e+00  7.28e-01    1.000000e+00
   1 8.9132037826e-31   0.00e+00  7.28e-02    1.000000e+00

After 1 iterations the fit converged.
final sum of squares of residuals : 8.9132e-31
abs. change during last iteration : 0


Hmmmm.... Sum of squared residuals is zero. Can't compute errors.

Final set of parameters 
======================= 

a               = 1              


*******************************************************************************
Tue Jun 25 01:06:15 2024


FIT:    data read from "Out.txt" index 1 using 1:2
        format = x:z
        #datapoints = 10
        residuals are weighted equally (unit weight)

function used for fitting: f(x)
	f(n)= a*cos(n)
fitted parameters initialized with current variable values

iter      chisq       delta/lim  lambda   a            
   0 8.9132037826e-31   0.00e+00  7.28e-01    1.000000e+00
   1 8.9132037826e-31   0.00e+00  7.28e-02    1.000000e+00

After 1 iterations the fit converged.
final sum of squares of residuals : 8.9132e-31
abs. change during last iteration : 0


Hmmmm.... Sum of squared residuals is zero. Can't compute errors.

Final set of parameters 
======================= 

a               = 1              


*******************************************************************************
Tue Jun 25 09:57:01 2024


FIT:    data read from "Out.txt" index 1 using 1:2
        format = x:z
        #datapoints = 10
        residuals are weighted equally (unit weight)

function used for fitting: f(x)
	f(n)= a*cos(n)
fitted parameters initialized with current variable values

iter      chisq       delta/lim  lambda   a            
   0 8.9132037826e-31   0.00e+00  7.28e-01    1.000000e+00
   1 8.9132037826e-31   0.00e+00  7.28e-02    1.000000e+00

After 1 iterations the fit converged.
final sum of squares of residuals : 8.9132e-31
abs. change during last iteration : 0


Hmmmm.... Sum of squared residuals is zero. Can't compute errors.

Final set of parameters 
======================= 

a               = 1              


*******************************************************************************
Tue Jun 25 09:59:08 2024


FIT:    data read from "Out.txt" index 1 using 1:2
        format = x:z
        #datapoints = 10
        residuals are weighted equally (unit weight)

function used for fitting: f(x)
	f(n)= a*cos(n)
fitted parameters initialized with current variable values

iter      chisq       delta/lim  lambda   a            
   0 8.9132037826e-31   0.00e+00  7.28e-01    1.000000e+00
   1 8.9132037826e-31   0.00e+00  7.28e-02    1.000000e+00

After 1 iterations the fit converged.
final sum of squares of residuals : 8.9132e-31
abs. change during last iteration : 0


Hmmmm.... Sum of squared residuals is zero. Can't compute errors.

Final set of parameters 
======================= 

a               = 1              


*******************************************************************************
Tue Jun 25 10:00:22 2024


FIT:    data read from "Out.txt" index 1 using 1:2
        format = x:z
        #datapoints = 10
        residuals are weighted equally (unit weight)

function used for fitting: f(x)
	f(n)= a*cos(n)
fitted parameters initialized with current variable values

iter      chisq       delta/lim  lambda   a            
   0 8.9132037826e-31   0.00e+00  7.28e-01    1.000000e+00
   1 8.9132037826e-31   0.00e+00  7.28e-02    1.000000e+00

After 1 iterations the fit converged.
final sum of squares of residuals : 8.9132e-31
abs. change during last iteration : 0


Hmmmm.... Sum of squared residuals is zero. Can't compute errors.

Final set of parameters 
======================= 

a               = 1              


*******************************************************************************
Tue Jun 25 10:01:48 2024


FIT:    data read from "Out.txt" index 1 using 1:2
        format = x:z
        #datapoints = 10
        residuals are weighted equally (unit weight)

function used for fitting: f(x)
	f(n)= a*cos(n)
fitted parameters initialized with current variable values

iter      chisq       delta/lim  lambda   a            
   0 8.9132037826e-31   0.00e+00  7.28e-01    1.000000e+00
   1 8.9132037826e-31   0.00e+00  7.28e-02    1.000000e+00

After 1 iterations the fit converged.
final sum of squares of residuals : 8.9132e-31
abs. change during last iteration : 0


Hmmmm.... Sum of squared residuals is zero. Can't compute errors.

Final set of parameters 
======================= 

a               = 1              


*******************************************************************************
Tue Jun 25 10:04:34 2024


FIT:    data read from "Out.txt" index 1 using 1:2
        format = x:z
        #datapoints = 10
        residuals are weighted equally (unit weight)

function used for fitting: f(x)
	f(n)= a*cos(n)
fitted parameters initialized with current variable values

iter      chisq       delta/lim  lambda   a            
   0 8.9132037826e-31   0.00e+00  7.28e-01    1.000000e+00
   1 8.9132037826e-31   0.00e+00  7.28e-02    1.000000e+00

After 1 iterations the fit converged.
final sum of squares of residuals : 8.9132e-31
abs. change during last iteration : 0


Hmmmm.... Sum of squared residuals is zero. Can't compute errors.

Final set of parameters 
======================= 

a               = 1              


*******************************************************************************
Tue Jun 25 10:42:54 2024


FIT:    data read from "Out.txt" index 1 using 1:2
        format = x:z
        #datapoints = 10
        residuals are weighted equally (unit weight)

function used for fitting: f(x)
	f(n)= a*cos(n)
fitted parameters initialized with current variable values

iter      chisq       delta/lim  lambda   a            
   0 8.9132037826e-31   0.00e+00  7.28e-01    1.000000e+00
   1 8.9132037826e-31   0.00e+00  7.28e-02    1.000000e+00

After 1 iterations the fit converged.
final sum of squares of residuals : 8.9132e-31
abs. change during last iteration : 0


Hmmmm.... Sum of squared residuals is zero. Can't compute errors.

Final set of parameters 
======================= 

a               = 1              


*******************************************************************************
Tue Jun 25 10:45:58 2024


FIT:    data read from "Out.txt" index 1 using 1:2
        format = x:z
        #datapoints = 10
        residuals are weighted equally (unit weight)

function used for fitting: f(x)
	f(n)= a*cos(n)
fitted parameters initialized with current variable values

iter      chisq       delta/lim  lambda   a            
   0 8.9132037826e-31   0.00e+00  7.28e-01    1.000000e+00
   1 8.9132037826e-31   0.00e+00  7.28e-02    1.000000e+00

After 1 iterations the fit converged.
final sum of squares of residuals : 8.9132e-31
abs. change during last iteration : 0


Hmmmm.... Sum of squared residuals is zero. Can't compute errors.

Final set of parameters 
======================= 

a               = 1              


*******************************************************************************
Tue Jun 25 10:47:27 2024


FIT:    data read from "Out.txt" index 1 using 1:2
        format = x:z
        #datapoints = 10
        residuals are weighted equally (unit weight)

function used for fitting: f(x)
	f(n)= a*cos(n)
fitted parameters initialized with current variable values

iter      chisq       delta/lim  lambda   a            
   0 8.9132037826e-31   0.00e+00  7.28e-01    1.000000e+00
   1 8.9132037826e-31   0.00e+00  7.28e-02    1.000000e+00

After 1 iterations the fit converged.
final sum of squares of residuals : 8.9132e-31
abs. change during last iteration : 0


Hmmmm.... Sum of squared residuals is zero. Can't compute errors.

Final set of parameters 
======================= 

a               = 1              


*******************************************************************************
Tue Jun 25 10:48:08 2024


FIT:    data read from "Out.txt" index 1 using 1:2
        format = x:z
        #datapoints = 10
        residuals are weighted equally (unit weight)

function used for fitting: f(x)
	f(n)= a*cos(n)
fitted parameters initialized with current variable values

iter      chisq       delta/lim  lambda   a            
   0 8.9132037826e-31   0.00e+00  7.28e-01    1.000000e+00
   1 8.9132037826e-31   0.00e+00  7.28e-02    1.000000e+00

After 1 iterations the fit converged.
final sum of squares of residuals : 8.9132e-31
abs. change during last iteration : 0


Hmmmm.... Sum of squared residuals is zero. Can't compute errors.

Final set of parameters 
======================= 

a               = 1              


*******************************************************************************
Tue Jun 25 10:49:45 2024


FIT:    data read from "Out.txt" index 1 using 1:2
        format = x:z
        #datapoints = 10
        residuals are weighted equally (unit weight)

function used for fitting: f(x)
	f(n)= a*cos(n)
fitted parameters initialized with current variable values

iter      chisq       delta/lim  lambda   a            
   0 8.9132037826e-31   0.00e+00  7.28e-01    1.000000e+00
   1 8.9132037826e-31   0.00e+00  7.28e-02    1.000000e+00

After 1 iterations the fit converged.
final sum of squares of residuals : 8.9132e-31
abs. change during last iteration : 0


Hmmmm.... Sum of squared residuals is zero. Can't compute errors.

Final set of parameters 
======================= 

a               = 1              


*******************************************************************************
Tue Jun 25 10:51:04 2024


FIT:    data read from "Out.txt" index 1 using 1:2
        format = x:z
        #datapoints = 10
        residuals are weighted equally (unit weight)

function used for fitting: f(x)
	f(n)= a*cos(n)
fitted parameters initialized with current variable values

iter      chisq       delta/lim  lambda   a            
   0 8.9132037826e-31   0.00e+00  7.28e-01    1.000000e+00
   1 8.9132037826e-31   0.00e+00  7.28e-02    1.000000e+00

After 1 iterations the fit converged.
final sum of squares of residuals : 8.9132e-31
abs. change during last iteration : 0


Hmmmm.... Sum of squared residuals is zero. Can't compute errors.

Final set of parameters 
======================= 

a               = 1              


*******************************************************************************
Tue Jun 25 10:51:39 2024


FIT:    data read from "Out.txt" index 1 using 1:2
        format = x:z
        #datapoints = 10
        residuals are weighted equally (unit weight)

function used for fitting: f(x)
	f(n)= a*cos(n)
fitted parameters initialized with current variable values

iter      chisq       delta/lim  lambda   a            
   0 8.9132037826e-31   0.00e+00  7.28e-01    1.000000e+00
   1 8.9132037826e-31   0.00e+00  7.28e-02    1.000000e+00

After 1 iterations the fit converged.
final sum of squares of residuals : 8.9132e-31
abs. change during last iteration : 0


Hmmmm.... Sum of squared residuals is zero. Can't compute errors.

Final set of parameters 
======================= 

a               = 1              


*******************************************************************************
Tue Jun 25 10:52:22 2024


FIT:    data read from "Out.txt" index 1 using 1:2
        format = x:z
        #datapoints = 10
        residuals are weighted equally (unit weight)

function used for fitting: f(x)
	f(n)= a*cos(n)
fitted parameters initialized with current variable values

iter      chisq       delta/lim  lambda   a            
   0 8.9132037826e-31   0.00e+00  7.28e-01    1.000000e+00
   1 8.9132037826e-31   0.00e+00  7.28e-02    1.000000e+00

After 1 iterations the fit converged.
final sum of squares of residuals : 8.9132e-31
abs. change during last iteration : 0


Hmmmm.... Sum of squared residuals is zero. Can't compute errors.

Final set of parameters 
======================= 

a               = 1              


*******************************************************************************
Tue Jun 25 10:53:24 2024


FIT:    data read from "Out.txt" index 1 using 1:2
        format = x:z
        #datapoints = 10
        residuals are weighted equally (unit weight)

function used for fitting: f(x)
	f(n)= a*cos(n)
fitted parameters initialized with current variable values

iter      chisq       delta/lim  lambda   a            
   0 8.9132037826e-31   0.00e+00  7.28e-01    1.000000e+00
   1 8.9132037826e-31   0.00e+00  7.28e-02    1.000000e+00

After 1 iterations the fit converged.
final sum of squares of residuals : 8.9132e-31
abs. change during last iteration : 0


Hmmmm.... Sum of squared residuals is zero. Can't compute errors.

Final set of parameters 
======================= 

a               = 1              


*******************************************************************************
Tue Jun 25 10:54:10 2024


FIT:    data read from "Out.txt" index 1 using 1:2
        format = x:z
        #datapoints = 10
        residuals are weighted equally (unit weight)

function used for fitting: f(x)
	f(n)= a*cos(n)
fitted parameters initialized with current variable values

iter      chisq       delta/lim  lambda   a            
   0 8.9132037826e-31   0.00e+00  7.28e-01    1.000000e+00
   1 8.9132037826e-31   0.00e+00  7.28e-02    1.000000e+00

After 1 iterations the fit converged.
final sum of squares of residuals : 8.9132e-31
abs. change during last iteration : 0


Hmmmm.... Sum of squared residuals is zero. Can't compute errors.

Final set of parameters 
======================= 

a               = 1              


*******************************************************************************
Tue Jun 25 10:56:46 2024


FIT:    data read from "Out.txt" index 1 using 1:2
        format = x:z
        #datapoints = 10
        residuals are weighted equally (unit weight)

function used for fitting: f(x)
	f(n)= a*cos(n)
fitted parameters initialized with current variable values

iter      chisq       delta/lim  lambda   a            
   0 8.9132037826e-31   0.00e+00  7.28e-01    1.000000e+00
   1 8.9132037826e-31   0.00e+00  7.28e-02    1.000000e+00

After 1 iterations the fit converged.
final sum of squares of residuals : 8.9132e-31
abs. change during last iteration : 0


Hmmmm.... Sum of squared residuals is zero. Can't compute errors.

Final set of parameters 
======================= 

a               = 1              


*******************************************************************************
Tue Jun 25 10:57:19 2024


FIT:    data read from "Out.txt" index 1 using 1:2
        format = x:z
        #datapoints = 10
        residuals are weighted equally (unit weight)

function used for fitting: f(x)
	f(n)= a*cos(n)
fitted parameters initialized with current variable values

iter      chisq       delta/lim  lambda   a            
   0 8.9132037826e-31   0.00e+00  7.28e-01    1.000000e+00
   1 8.9132037826e-31   0.00e+00  7.28e-02    1.000000e+00

After 1 iterations the fit converged.
final sum of squares of residuals : 8.9132e-31
abs. change during last iteration : 0


Hmmmm.... Sum of squared residuals is zero. Can't compute errors.

Final set of parameters 
======================= 

a               = 1              


*******************************************************************************
Tue Jun 25 10:57:41 2024


FIT:    data read from "Out.txt" index 1 using 1:2
        format = x:z
        #datapoints = 10
        residuals are weighted equally (unit weight)

function used for fitting: f(x)
	f(n)= a*cos(n)
fitted parameters initialized with current variable values

iter      chisq       delta/lim  lambda   a            
   0 8.9132037826e-31   0.00e+00  7.28e-01    1.000000e+00
   1 8.9132037826e-31   0.00e+00  7.28e-02    1.000000e+00

After 1 iterations the fit converged.
final sum of squares of residuals : 8.9132e-31
abs. change during last iteration : 0


Hmmmm.... Sum of squared residuals is zero. Can't compute errors.

Final set of parameters 
======================= 

a               = 1              


*******************************************************************************
Tue Jun 25 10:58:57 2024


FIT:    data read from "Out.txt" index 1 using 1:2
        format = x:z
        #datapoints = 10
        residuals are weighted equally (unit weight)

function used for fitting: f(x)
	f(n)= a*cos(n)
fitted parameters initialized with current variable values

iter      chisq       delta/lim  lambda   a            
   0 8.9132037826e-31   0.00e+00  7.28e-01    1.000000e+00
   1 8.9132037826e-31   0.00e+00  7.28e-02    1.000000e+00

After 1 iterations the fit converged.
final sum of squares of residuals : 8.9132e-31
abs. change during last iteration : 0


Hmmmm.... Sum of squared residuals is zero. Can't compute errors.

Final set of parameters 
======================= 

a               = 1              


*******************************************************************************
Tue Jun 25 11:07:23 2024


FIT:    data read from "Out.txt" index 1 using 1:2
        format = x:z
        #datapoints = 10
        residuals are weighted equally (unit weight)

function used for fitting: f(x)
	f(n)= a*cos(n)
fitted parameters initialized with current variable values

iter      chisq       delta/lim  lambda   a            
   0 8.9132037826e-31   0.00e+00  7.28e-01    1.000000e+00
   1 8.9132037826e-31   0.00e+00  7.28e-02    1.000000e+00

After 1 iterations the fit converged.
final sum of squares of residuals : 8.9132e-31
abs. change during last iteration : 0


Hmmmm.... Sum of squared residuals is zero. Can't compute errors.

Final set of parameters 
======================= 

a               = 1              


*******************************************************************************
Tue Jun 25 11:10:21 2024


FIT:    data read from "Out.txt" index 1 using 1:2
        format = x:z
        #datapoints = 10
        residuals are weighted equally (unit weight)

function used for fitting: f(x)
	f(n)= a*cos(n)
fitted parameters initialized with current variable values

iter      chisq       delta/lim  lambda   a            
   0 8.9132037826e-31   0.00e+00  7.28e-01    1.000000e+00
   1 8.9132037826e-31   0.00e+00  7.28e-02    1.000000e+00

After 1 iterations the fit converged.
final sum of squares of residuals : 8.9132e-31
abs. change during last iteration : 0


Hmmmm.... Sum of squared residuals is zero. Can't compute errors.

Final set of parameters 
======================= 

a               = 1              


*******************************************************************************
Tue Jun 25 11:13:52 2024


FIT:    data read from "Out.txt" index 1 using 1:2
        format = x:z
        #datapoints = 10
        residuals are weighted equally (unit weight)

function used for fitting: f(x)
	f(n)= a*cos(n)
fitted parameters initialized with current variable values

iter      chisq       delta/lim  lambda   a            
   0 8.9132037826e-31   0.00e+00  7.28e-01    1.000000e+00
   1 8.9132037826e-31   0.00e+00  7.28e-02    1.000000e+00

After 1 iterations the fit converged.
final sum of squares of residuals : 8.9132e-31
abs. change during last iteration : 0


Hmmmm.... Sum of squared residuals is zero. Can't compute errors.

Final set of parameters 
======================= 

a               = 1              


*******************************************************************************
Tue Jun 25 11:17:33 2024


FIT:    data read from "Out.txt" index 1 using 1:2
        format = x:z
        #datapoints = 10
        residuals are weighted equally (unit weight)

function used for fitting: f(x)
	f(n)= a*cos(n)
fitted parameters initialized with current variable values

iter      chisq       delta/lim  lambda   a            
   0 8.9132037826e-31   0.00e+00  7.28e-01    1.000000e+00
   1 8.9132037826e-31   0.00e+00  7.28e-02    1.000000e+00

After 1 iterations the fit converged.
final sum of squares of residuals : 8.9132e-31
abs. change during last iteration : 0


Hmmmm.... Sum of squared residuals is zero. Can't compute errors.

Final set of parameters 
======================= 

a               = 1              


*******************************************************************************
Tue Jun 25 11:18:22 2024


FIT:    data read from "Out.txt" index 1 using 1:2
        format = x:z
        #datapoints = 10
        residuals are weighted equally (unit weight)

function used for fitting: f(x)
	f(n)= a*cos(n)
fitted parameters initialized with current variable values

iter      chisq       delta/lim  lambda   a            
   0 8.9132037826e-31   0.00e+00  7.28e-01    1.000000e+00
   1 8.9132037826e-31   0.00e+00  7.28e-02    1.000000e+00

After 1 iterations the fit converged.
final sum of squares of residuals : 8.9132e-31
abs. change during last iteration : 0


Hmmmm.... Sum of squared residuals is zero. Can't compute errors.

Final set of parameters 
======================= 

a               = 1              


*******************************************************************************
Tue Jun 25 11:21:20 2024


FIT:    data read from "Out.txt" index 1 using 1:2
        format = x:z
        #datapoints = 10
        residuals are weighted equally (unit weight)

function used for fitting: f(x)
	f(n)= a*cos(n)
fitted parameters initialized with current variable values

iter      chisq       delta/lim  lambda   a            
   0 8.9132037826e-31   0.00e+00  7.28e-01    1.000000e+00
   1 8.9132037826e-31   0.00e+00  7.28e-02    1.000000e+00

After 1 iterations the fit converged.
final sum of squares of residuals : 8.9132e-31
abs. change during last iteration : 0


Hmmmm.... Sum of squared residuals is zero. Can't compute errors.

Final set of parameters 
======================= 

a               = 1              


*******************************************************************************
Tue Jun 25 11:22:02 2024


FIT:    data read from "Out.txt" index 1 using 1:2
        format = x:z
        #datapoints = 10
        residuals are weighted equally (unit weight)

function used for fitting: f(x)
	f(n)= a*cos(n)
fitted parameters initialized with current variable values

iter      chisq       delta/lim  lambda   a            
   0 8.9132037826e-31   0.00e+00  7.28e-01    1.000000e+00
   1 8.9132037826e-31   0.00e+00  7.28e-02    1.000000e+00

After 1 iterations the fit converged.
final sum of squares of residuals : 8.9132e-31
abs. change during last iteration : 0


Hmmmm.... Sum of squared residuals is zero. Can't compute errors.

Final set of parameters 
======================= 

a               = 1              


*******************************************************************************
Tue Jun 25 11:23:26 2024


FIT:    data read from "Out.txt" index 1 using 1:2
        format = x:z
        #datapoints = 10
        residuals are weighted equally (unit weight)

function used for fitting: f(x)
	f(n)= a*cos(n)
fitted parameters initialized with current variable values

iter      chisq       delta/lim  lambda   a            
   0 8.9132037826e-31   0.00e+00  7.28e-01    1.000000e+00
   1 8.9132037826e-31   0.00e+00  7.28e-02    1.000000e+00

After 1 iterations the fit converged.
final sum of squares of residuals : 8.9132e-31
abs. change during last iteration : 0


Hmmmm.... Sum of squared residuals is zero. Can't compute errors.

Final set of parameters 
======================= 

a               = 1              


*******************************************************************************
Tue Jun 25 11:24:27 2024


FIT:    data read from "Out.txt" index 1 using 1:2
        format = x:z
        #datapoints = 10
        residuals are weighted equally (unit weight)

function used for fitting: f(x)
	f(n)= a*cos(n)
fitted parameters initialized with current variable values

iter      chisq       delta/lim  lambda   a            
   0 8.9132037826e-31   0.00e+00  7.28e-01    1.000000e+00
   1 8.9132037826e-31   0.00e+00  7.28e-02    1.000000e+00

After 1 iterations the fit converged.
final sum of squares of residuals : 8.9132e-31
abs. change during last iteration : 0


Hmmmm.... Sum of squared residuals is zero. Can't compute errors.

Final set of parameters 
======================= 

a               = 1              


*******************************************************************************
Tue Jun 25 11:28:32 2024


FIT:    data read from "Out.txt" index 1 using 1:2
        format = x:z
        #datapoints = 10
        residuals are weighted equally (unit weight)

function used for fitting: f(x)
	f(n)= a*cos(n)
fitted parameters initialized with current variable values

iter      chisq       delta/lim  lambda   a            
   0 8.9132037826e-31   0.00e+00  7.28e-01    1.000000e+00
   1 8.9132037826e-31   0.00e+00  7.28e-02    1.000000e+00

After 1 iterations the fit converged.
final sum of squares of residuals : 8.9132e-31
abs. change during last iteration : 0


Hmmmm.... Sum of squared residuals is zero. Can't compute errors.

Final set of parameters 
======================= 

a               = 1              


*******************************************************************************
Tue Jun 25 11:29:20 2024


FIT:    data read from "Out.txt" index 1 using 1:2
        format = x:z
        #datapoints = 10
        residuals are weighted equally (unit weight)

function used for fitting: f(x)
	f(n)= a*cos(n)
fitted parameters initialized with current variable values

iter      chisq       delta/lim  lambda   a            
   0 8.9132037826e-31   0.00e+00  7.28e-01    1.000000e+00
   1 8.9132037826e-31   0.00e+00  7.28e-02    1.000000e+00

After 1 iterations the fit converged.
final sum of squares of residuals : 8.9132e-31
abs. change during last iteration : 0


Hmmmm.... Sum of squared residuals is zero. Can't compute errors.

Final set of parameters 
======================= 

a               = 1              


*******************************************************************************
Tue Jun 25 11:29:45 2024


FIT:    data read from "Out.txt" index 1 using 1:2
        format = x:z
        #datapoints = 10
        residuals are weighted equally (unit weight)

function used for fitting: f(x)
	f(n)= a*cos(n)
fitted parameters initialized with current variable values

iter      chisq       delta/lim  lambda   a            
   0 8.9132037826e-31   0.00e+00  7.28e-01    1.000000e+00
   1 8.9132037826e-31   0.00e+00  7.28e-02    1.000000e+00

After 1 iterations the fit converged.
final sum of squares of residuals : 8.9132e-31
abs. change during last iteration : 0


Hmmmm.... Sum of squared residuals is zero. Can't compute errors.

Final set of parameters 
======================= 

a               = 1              


*******************************************************************************
Tue Jun 25 11:30:18 2024


FIT:    data read from "Out.txt" index 1 using 1:2
        format = x:z
        #datapoints = 10
        residuals are weighted equally (unit weight)

function used for fitting: f(x)
	f(n)= a*cos(n)
fitted parameters initialized with current variable values

iter      chisq       delta/lim  lambda   a            
   0 8.9132037826e-31   0.00e+00  7.28e-01    1.000000e+00
   1 8.9132037826e-31   0.00e+00  7.28e-02    1.000000e+00

After 1 iterations the fit converged.
final sum of squares of residuals : 8.9132e-31
abs. change during last iteration : 0


Hmmmm.... Sum of squared residuals is zero. Can't compute errors.

Final set of parameters 
======================= 

a               = 1              


*******************************************************************************
Tue Jun 25 11:40:44 2024


FIT:    data read from "Out.txt" index 1 using 1:2
        format = x:z
        #datapoints = 10
        residuals are weighted equally (unit weight)

function used for fitting: f(x)
	f(n)= a*cos(n)
fitted parameters initialized with current variable values

iter      chisq       delta/lim  lambda   a            
   0 8.9132037826e-31   0.00e+00  7.28e-01    1.000000e+00
   1 8.9132037826e-31   0.00e+00  7.28e-02    1.000000e+00

After 1 iterations the fit converged.
final sum of squares of residuals : 8.9132e-31
abs. change during last iteration : 0


Hmmmm.... Sum of squared residuals is zero. Can't compute errors.

Final set of parameters 
======================= 

a               = 1              


*******************************************************************************
Tue Jun 25 11:44:35 2024


FIT:    data read from "Out.txt" index 1 using 1:2
        format = x:z
        #datapoints = 10
        residuals are weighted equally (unit weight)

function used for fitting: f(x)
	f(n)= a*cos(n)
fitted parameters initialized with current variable values

iter      chisq       delta/lim  lambda   a            
   0 8.9132037826e-31   0.00e+00  7.28e-01    1.000000e+00
   1 8.9132037826e-31   0.00e+00  7.28e-02    1.000000e+00

After 1 iterations the fit converged.
final sum of squares of residuals : 8.9132e-31
abs. change during last iteration : 0


Hmmmm.... Sum of squared residuals is zero. Can't compute errors.

Final set of parameters 
======================= 

a               = 1              


*******************************************************************************
Tue Jun 25 13:29:49 2024


FIT:    data read from "Out.txt" index 1 using 1:2
        format = x:z
        #datapoints = 10
        residuals are weighted equally (unit weight)

function used for fitting: f(x)
	f(n)= a*cos(n)
fitted parameters initialized with current variable values

iter      chisq       delta/lim  lambda   a            
   0 8.9132037826e-31   0.00e+00  7.28e-01    1.000000e+00
   1 8.9132037826e-31   0.00e+00  7.28e-02    1.000000e+00

After 1 iterations the fit converged.
final sum of squares of residuals : 8.9132e-31
abs. change during last iteration : 0


Hmmmm.... Sum of squared residuals is zero. Can't compute errors.

Final set of parameters 
======================= 

a               = 1              


*******************************************************************************
Tue Jun 25 13:31:25 2024


FIT:    data read from "Out.txt" index 1 using 1:2
        format = x:z
        #datapoints = 10
        residuals are weighted equally (unit weight)

function used for fitting: f(x)
	f(n)= a*cos(n)
fitted parameters initialized with current variable values

iter      chisq       delta/lim  lambda   a            
   0 8.9132037826e-31   0.00e+00  7.28e-01    1.000000e+00
   1 8.9132037826e-31   0.00e+00  7.28e-02    1.000000e+00

After 1 iterations the fit converged.
final sum of squares of residuals : 8.9132e-31
abs. change during last iteration : 0


Hmmmm.... Sum of squared residuals is zero. Can't compute errors.

Final set of parameters 
======================= 

a               = 1              


*******************************************************************************
Tue Jun 25 13:31:41 2024


FIT:    data read from "Out.txt" index 1 using 1:2
        format = x:z
        #datapoints = 10
        residuals are weighted equally (unit weight)

function used for fitting: f(x)
	f(n)= a*cos(n)
fitted parameters initialized with current variable values

iter      chisq       delta/lim  lambda   a            
   0 8.9132037826e-31   0.00e+00  7.28e-01    1.000000e+00
   1 8.9132037826e-31   0.00e+00  7.28e-02    1.000000e+00

After 1 iterations the fit converged.
final sum of squares of residuals : 8.9132e-31
abs. change during last iteration : 0


Hmmmm.... Sum of squared residuals is zero. Can't compute errors.

Final set of parameters 
======================= 

a               = 1              


*******************************************************************************
Tue Jun 25 13:34:14 2024


FIT:    data read from "Out.txt" index 1 using 1:2
        format = x:z
        #datapoints = 10
        residuals are weighted equally (unit weight)

function used for fitting: f(x)
	f(n)= a*cos(n)
fitted parameters initialized with current variable values

iter      chisq       delta/lim  lambda   a            
   0 8.9132037826e-31   0.00e+00  7.28e-01    1.000000e+00
   1 8.9132037826e-31   0.00e+00  7.28e-02    1.000000e+00

After 1 iterations the fit converged.
final sum of squares of residuals : 8.9132e-31
abs. change during last iteration : 0


Hmmmm.... Sum of squared residuals is zero. Can't compute errors.

Final set of parameters 
======================= 

a               = 1              


*******************************************************************************
Tue Jun 25 13:34:39 2024


FIT:    data read from "Out.txt" index 1 using 1:2
        format = x:z
        #datapoints = 10
        residuals are weighted equally (unit weight)

function used for fitting: f(x)
	f(n)= a*cos(n)
fitted parameters initialized with current variable values

iter      chisq       delta/lim  lambda   a            
   0 8.9132037826e-31   0.00e+00  7.28e-01    1.000000e+00
   1 8.9132037826e-31   0.00e+00  7.28e-02    1.000000e+00

After 1 iterations the fit converged.
final sum of squares of residuals : 8.9132e-31
abs. change during last iteration : 0


Hmmmm.... Sum of squared residuals is zero. Can't compute errors.

Final set of parameters 
======================= 

a               = 1              


*******************************************************************************
Tue Jun 25 13:34:53 2024


FIT:    data read from "Out.txt" index 1 using 1:2
        format = x:z
        #datapoints = 10
        residuals are weighted equally (unit weight)

function used for fitting: f(x)
	f(n)= a*cos(n)
fitted parameters initialized with current variable values

iter      chisq       delta/lim  lambda   a            
   0 8.9132037826e-31   0.00e+00  7.28e-01    1.000000e+00
   1 8.9132037826e-31   0.00e+00  7.28e-02    1.000000e+00

After 1 iterations the fit converged.
final sum of squares of residuals : 8.9132e-31
abs. change during last iteration : 0


Hmmmm.... Sum of squared residuals is zero. Can't compute errors.

Final set of parameters 
======================= 

a               = 1              


*******************************************************************************
Tue Jun 25 13:36:35 2024


FIT:    data read from "Out.txt" index 1 using 1:2
        format = x:z
        #datapoints = 10
        residuals are weighted equally (unit weight)

function used for fitting: f(x)
	f(n)= a*cos(n)
fitted parameters initialized with current variable values

iter      chisq       delta/lim  lambda   a            
   0 8.9132037826e-31   0.00e+00  7.28e-01    1.000000e+00
   1 8.9132037826e-31   0.00e+00  7.28e-02    1.000000e+00

After 1 iterations the fit converged.
final sum of squares of residuals : 8.9132e-31
abs. change during last iteration : 0


Hmmmm.... Sum of squared residuals is zero. Can't compute errors.

Final set of parameters 
======================= 

a               = 1              
