

*******************************************************************************
Sat Jun 29 21:15:21 2024


FIT:    data read from "out.data.txt"
        format = z
BREAK: bad data on line 1 of datafile

*******************************************************************************
Sat Jun 29 21:16:07 2024


FIT:    data read from "out.data.txt"
        format = z
BREAK: bad data on line 1 of datafile

*******************************************************************************
Sat Jun 29 21:16:23 2024


FIT:    data read from "out.data.txt"
        format = z
BREAK: bad data on line 1 of datafile

*******************************************************************************
Sat Jun 29 21:16:28 2024


FIT:    data read from "out.data.txt"
        format = z
BREAK: bad data on line 1 of datafile

*******************************************************************************
Sat Jun 29 21:17:00 2024


FIT:    data read from "out.data.txt"
        format = z
BREAK: bad data on line 1 of datafile